<?xml version="1.0" encoding="UTF-8"?>
<testsuites name="TS01" time="6.614" tests="4" failures="0" errors="0">
   <testsuite name="TS01" tests="4" failures="0" errors="0" time="6.614" skipped="0" timestamp="2022-07-31 20:29:48" hostname="msi gaming - MSI" id="Test Suites/TS01">
      <properties>
         <property name="deviceName" value=""/>
         <property name="devicePlatform" value=""/>
         <property name="logFolder" value="D:\\CV\\pj\\test 1\\Reports\\20220731_202936\\TS01\\20220731_202936"/>
         <property name="logFiles" value="D:\\CV\\pj\\test 1\\Reports\\20220731_202936\\TS01\\20220731_202936\\execution0.log"/>
         <property name="attachments" value=""/>
         <property name="hostName" value="msi gaming - MSI"/>
         <property name="hostAddress" value="192.168.1.5"/>
         <property name="os" value="Windows 10 64bit"/>
         <property name="katalonVersion" value="8.3.5.208"/>
      </properties>
      <testcase name="Test Cases/TC01_GET_list_users" time="3.979" classname="Test Cases/TC01_GET_list_users" status="PASSED">
         <system-out><![CDATA[2022-07-31 20:29:48 - [TEST_CASE][PASSED] - Test Cases/TC01_GET_list_users: Test Cases/TC01_GET_list_users

2022-07-31 20:29:49 - [TEST_STEP][PASSED] - response = sendRequest(findTestObject("tc1")): Send request successfully

2022-07-31 20:29:52 - [MESSAGE][INFO] - HAR: D:\CV\pj\test 1\Reports\20220731_202936\TS01\20220731_202936\requests\main\0.har

2022-07-31 20:29:52 - [MESSAGE][PASSED] - Send request successfully

2022-07-31 20:29:52 - [TEST_STEP][PASSED] - verifyResponseStatusCode(response, 200, STOP_ON_FAILURE): Verify response status code successfully

2022-07-31 20:29:52 - [MESSAGE][PASSED] - Verify response status code successfully]]></system-out>
         <system-err><![CDATA[]]></system-err>
      </testcase>
      <testcase name="Test Cases/TC02_GET_single_user" time="0.544" classname="Test Cases/TC02_GET_single_user" status="PASSED">
         <system-out><![CDATA[2022-07-31 20:29:52 - [TEST_CASE][PASSED] - Test Cases/TC02_GET_single_user: Test Cases/TC02_GET_single_user

2022-07-31 20:29:52 - [TEST_STEP][PASSED] - response = sendRequest(findTestObject("tc2")): Send request successfully

2022-07-31 20:29:53 - [MESSAGE][INFO] - HAR: D:\CV\pj\test 1\Reports\20220731_202936\TS01\20220731_202936\requests\main\1.har

2022-07-31 20:29:53 - [MESSAGE][PASSED] - Send request successfully

2022-07-31 20:29:53 - [TEST_STEP][PASSED] - verifyResponseStatusCode(response, 200): Verify response status code successfully

2022-07-31 20:29:53 - [MESSAGE][PASSED] - Verify response status code successfully]]></system-out>
         <system-err><![CDATA[]]></system-err>
      </testcase>
      <testcase name="Test Cases/TC03_PUT_update" time="0.868" classname="Test Cases/TC03_PUT_update" status="PASSED">
         <system-out><![CDATA[2022-07-31 20:29:53 - [TEST_CASE][PASSED] - Test Cases/TC03_PUT_update: Test Cases/TC03_PUT_update

2022-07-31 20:29:53 - [TEST_STEP][PASSED] - response = sendRequest(findTestObject("tc3")): Send request successfully

2022-07-31 20:29:54 - [MESSAGE][INFO] - HAR: D:\CV\pj\test 1\Reports\20220731_202936\TS01\20220731_202936\requests\main\2.har

2022-07-31 20:29:54 - [MESSAGE][PASSED] - Send request successfully

2022-07-31 20:29:54 - [TEST_STEP][PASSED] - verifyResponseStatusCode(response, 200): Verify response status code successfully

2022-07-31 20:29:54 - [MESSAGE][PASSED] - Verify response status code successfully]]></system-out>
         <system-err><![CDATA[]]></system-err>
      </testcase>
      <testcase name="Test Cases/TC04_POST_register_successful" time="0.858" classname="Test Cases/TC04_POST_register_successful" status="PASSED">
         <system-out><![CDATA[2022-07-31 20:29:54 - [TEST_CASE][PASSED] - Test Cases/TC04_POST_register_successful: Test Cases/TC04_POST_register_successful

2022-07-31 20:29:54 - [TEST_STEP][PASSED] - response = sendRequest(findTestObject("tc4")): Send request successfully

2022-07-31 20:29:54 - [MESSAGE][INFO] - HAR: D:\CV\pj\test 1\Reports\20220731_202936\TS01\20220731_202936\requests\main\3.har

2022-07-31 20:29:54 - [MESSAGE][PASSED] - Send request successfully

2022-07-31 20:29:54 - [TEST_STEP][PASSED] - verifyResponseStatusCode(response, 200): Verify response status code successfully

2022-07-31 20:29:54 - [MESSAGE][PASSED] - Verify response status code successfully]]></system-out>
         <system-err><![CDATA[]]></system-err>
      </testcase>
      <system-out><![CDATA[2022-07-31 20:29:48 - [TEST_SUITE][PASSED] - TS01: Test Cases/TC04_POST_register_successful]]></system-out>
      <system-err><![CDATA[]]></system-err>
   </testsuite>
</testsuites>
